<?xml version="1.0" encoding="UTF-8"?>
<!-- Generated by org.testng.reporters.JUnitXMLReporter -->
<testsuite hostname="Filip-PC" name="ChangePassword" tests="12" failures="0" timestamp="28 Nov 2020 20:03:56 GMT" time="31.86" errors="0">
  <testcase name="login" time="19.448" classname="pyp.Login"/>
  <testcase name="login" time="19.448" classname="pyp.Login"/>
  <testcase name="myProfilePassword" time="1.699" classname="pyp.MyProfilePasswordValidationChecks"/>
  <testcase name="myProfilePassword" time="1.699" classname="pyp.MyProfilePasswordValidationChecks"/>
  <testcase name="validationAllFieldsBlank" time="1.014" classname="pyp.MyProfilePasswordValidationChecks"/>
  <testcase name="validationAllFieldsBlank" time="1.014" classname="pyp.MyProfilePasswordValidationChecks"/>
  <testcase name="oldPasswordWrongValidation" time="4.023" classname="pyp.MyProfilePasswordValidationChecks"/>
  <testcase name="oldPasswordWrongValidation" time="4.023" classname="pyp.MyProfilePasswordValidationChecks"/>
  <testcase name="newPasswordWrongLenght" time="1.547" classname="pyp.MyProfilePasswordValidationChecks"/>
  <testcase name="newPasswordWrongLenght" time="1.547" classname="pyp.MyProfilePasswordValidationChecks"/>
  <testcase name="passwordDoesntMatch" time="1.556" classname="pyp.MyProfilePasswordValidationChecks"/>
  <testcase name="passwordDoesntMatch" time="1.556" classname="pyp.MyProfilePasswordValidationChecks"/>
</testsuite> <!-- ChangePassword -->
