<?xml version="1.0" encoding="UTF-8"?>
<!-- Generated by org.testng.reporters.JUnitXMLReporter -->
<testsuite hostname="Filip-PC" name="DELETE FILES" tests="6" failures="0" timestamp="13 Dec 2020 22:19:41 GMT" time="34.923" errors="0">
  <testcase name="login" time="20.074" classname="pyp.Login"/>
  <testcase name="login" time="20.074" classname="pyp.Login"/>
  <testcase name="deleteFilesOnIcon" time="7.541" classname="pyp.MyFilesDeleteFiles"/>
  <testcase name="deleteFilesOnIcon" time="7.541" classname="pyp.MyFilesDeleteFiles"/>
  <testcase name="deleteFilesOnMedia" time="5.787" classname="pyp.MyFilesDeleteFiles"/>
  <testcase name="deleteFilesOnMedia" time="5.787" classname="pyp.MyFilesDeleteFiles"/>
</testsuite> <!-- DELETE FILES -->
