<?xml version="1.0" encoding="UTF-8"?>
<!-- Generated by org.testng.reporters.JUnitXMLReporter -->
<testsuite hostname="Filip-PC" name="DeleteAccount" tests="4" failures="0" timestamp="28 Nov 2020 16:58:56 GMT" time="24.226" errors="0">
  <testcase name="login" time="17.73" classname="pyp.Login"/>
  <testcase name="login" time="17.73" classname="pyp.Login"/>
  <testcase name="myDeleteProfile" time="4.898" classname="pyp.MyProfileDeleteAccount"/>
  <testcase name="myDeleteProfile" time="4.898" classname="pyp.MyProfileDeleteAccount"/>
</testsuite> <!-- DeleteAccount -->
