<?xml version="1.0" encoding="UTF-8"?>
<!-- Generated by org.testng.reporters.JUnitXMLReporter -->
<testsuite hostname="Filip-PC" name="DELETE FILES" tests="6" failures="0" timestamp="20 Dec 2020 19:55:55 GMT" time="35.023" errors="0">
  <testcase name="login" time="17.872" classname="pyp.Login"/>
  <testcase name="login" time="17.872" classname="pyp.Login"/>
  <testcase name="deleteFilesOnIcon" time="9.107" classname="pyp.MyFilesDeleteFiles"/>
  <testcase name="deleteFilesOnIcon" time="9.107" classname="pyp.MyFilesDeleteFiles"/>
  <testcase name="deleteFilesOnMedia" time="6.286" classname="pyp.MyFilesDeleteFiles"/>
  <testcase name="deleteFilesOnMedia" time="6.286" classname="pyp.MyFilesDeleteFiles"/>
</testsuite> <!-- DELETE FILES -->
