<?xml version="1.0" encoding="UTF-8"?>
<!-- Generated by org.testng.reporters.JUnitXMLReporter -->
<testsuite hostname="Filip-PC" name="FORGOT PASSWORD" tests="12" failures="0" timestamp="20 Dec 2020 17:59:37 GMT" time="131.765" errors="0">
  <testcase name="forgotPasswordNavigation" time="38.892" classname="pyp.ForgotPassword"/>
  <testcase name="forgotPasswordNavigation" time="38.892" classname="pyp.ForgotPassword"/>
  <testcase name="resetPasswordMail" time="47.413" classname="pyp.ForgotPassword"/>
  <testcase name="resetPasswordMail" time="47.413" classname="pyp.ForgotPassword"/>
  <testcase name="validationFieldsAreBlank" time="6.016" classname="pyp.ForgotPassword"/>
  <testcase name="validationFieldsAreBlank" time="6.016" classname="pyp.ForgotPassword"/>
  <testcase name="validationEmailWrongFormat" time="1.144" classname="pyp.ForgotPassword"/>
  <testcase name="validationEmailWrongFormat" time="1.144" classname="pyp.ForgotPassword"/>
  <testcase name="validationPasswordsDontMatch" time="1.636" classname="pyp.ForgotPassword"/>
  <testcase name="validationPasswordsDontMatch" time="1.636" classname="pyp.ForgotPassword"/>
  <testcase name="resetPasswordSuccess" time="14.121" classname="pyp.ForgotPassword"/>
  <testcase name="resetPasswordSuccess" time="14.121" classname="pyp.ForgotPassword"/>
</testsuite> <!-- FORGOT PASSWORD -->
