<?xml version="1.0" encoding="UTF-8"?>
<!-- Generated by org.testng.reporters.JUnitXMLReporter -->
<testsuite hostname="Filip-PC" name="GET INSPIRED SEARCH BAR" tests="8" failures="0" timestamp="17 Dec 2020 17:23:28 GMT" time="59.065" errors="0">
  <testcase name="login" time="23.477" classname="pyp.Login"/>
  <testcase name="login" time="23.477" classname="pyp.Login"/>
  <testcase name="getInspiredBadSearch" time="9.428" classname="pyp.GetInspiredSearchBar"/>
  <testcase name="getInspiredBadSearch" time="9.428" classname="pyp.GetInspiredSearchBar"/>
  <testcase name="getInspiredSearch" time="5.498" classname="pyp.GetInspiredSearchBar"/>
  <testcase name="getInspiredSearch" time="5.498" classname="pyp.GetInspiredSearchBar"/>
  <testcase name="loadMoreTemplates" time="18.716" classname="pyp.GetInspiredSearchBar"/>
  <testcase name="loadMoreTemplates" time="18.716" classname="pyp.GetInspiredSearchBar"/>
</testsuite> <!-- GET INSPIRED SEARCH BAR -->
