<?xml version="1.0" encoding="UTF-8"?>
<!-- Generated by org.testng.reporters.JUnitXMLReporter -->
<testsuite hostname="Filip-PC" name="GET INSPIRED NEWEST AND POPULAR FILTER" tests="4" failures="0" timestamp="13 Dec 2020 21:13:03 GMT" time="40.783" errors="0">
  <testcase name="login" time="24.059" classname="pyp.Login"/>
  <testcase name="login" time="24.059" classname="pyp.Login"/>
  <testcase name="getInspiredNewestAndPopular" time="14.855" classname="pyp.GetInspiredNewestAndPopularFilter"/>
  <testcase name="getInspiredNewestAndPopular" time="14.855" classname="pyp.GetInspiredNewestAndPopularFilter"/>
</testsuite> <!-- GET INSPIRED NEWEST AND POPULAR FILTER -->
