<?xml version="1.0" encoding="UTF-8"?>
<!-- Generated by org.testng.reporters.JUnitXMLReporter -->
<testsuite hostname="Filip-PC" name="GET INSPIRED SEARCH BAR" tests="8" failures="0" timestamp="20 Dec 2020 18:59:49 GMT" time="62.768" errors="0">
  <testcase name="login" time="22.193" classname="pyp.Login"/>
  <testcase name="login" time="22.193" classname="pyp.Login"/>
  <testcase name="getInspiredBadSearch" time="7.155" classname="pyp.GetInspiredSearchBar"/>
  <testcase name="getInspiredBadSearch" time="7.155" classname="pyp.GetInspiredSearchBar"/>
  <testcase name="getInspiredSearch" time="5.543" classname="pyp.GetInspiredSearchBar"/>
  <testcase name="getInspiredSearch" time="5.543" classname="pyp.GetInspiredSearchBar"/>
  <testcase name="loadMoreTemplates" time="24.588" classname="pyp.GetInspiredSearchBar"/>
  <testcase name="loadMoreTemplates" time="24.588" classname="pyp.GetInspiredSearchBar"/>
</testsuite> <!-- GET INSPIRED SEARCH BAR -->
