<?xml version="1.0" encoding="UTF-8"?>
<!-- Generated by org.testng.reporters.JUnitXMLReporter -->
<testsuite hostname="SRBGRZWM53" ignored="0" name="GET INSPIRED NEWEST AND POPULAR FILTER" tests="2" failures="0" timestamp="21 Dec 2020 16:17:31 GMT" time="20.555" errors="0">
  <testcase name="login" time="7.487" classname="pyp.Login"/>
  <testcase name="getInspiredNewestAndPopular" time="12.4" classname="pyp.GetInspiredNewestAndPopularFilter"/>
</testsuite> <!-- GET INSPIRED NEWEST AND POPULAR FILTER -->
