<?xml version="1.0" encoding="UTF-8"?>
<!-- Generated by org.testng.reporters.JUnitXMLReporter -->
<testsuite hostname="Filip-PC" name="GET INSPIRED FILTERS" tests="12" failures="0" timestamp="13 Dec 2020 21:17:19 GMT" time="218.665" errors="0">
  <testcase name="login" time="22.123" classname="pyp.Login"/>
  <testcase name="login" time="22.123" classname="pyp.Login"/>
  <testcase name="durationFilter" time="45.618" classname="pyp.GetInspiredDurationFilter"/>
  <testcase name="durationFilter" time="45.618" classname="pyp.GetInspiredDurationFilter"/>
  <testcase name="numberOfPhotosFilter" time="38.129" classname="pyp.GetInspiredNumberOfPhotosFilter"/>
  <testcase name="numberOfPhotosFilter" time="38.129" classname="pyp.GetInspiredNumberOfPhotosFilter"/>
  <testcase name="moodFilter" time="45.613" classname="pyp.GetInspiredMoodFilter"/>
  <testcase name="moodFilter" time="45.613" classname="pyp.GetInspiredMoodFilter"/>
  <testcase name="speedsFilter" time="42.079" classname="pyp.GetInspiredSpeedsFilter"/>
  <testcase name="speedsFilter" time="42.079" classname="pyp.GetInspiredSpeedsFilter"/>
  <testcase name="RandomFilters" time="24.634" classname="pyp.GetInspiredRandomAllFilters"/>
  <testcase name="RandomFilters" time="24.634" classname="pyp.GetInspiredRandomAllFilters"/>
</testsuite> <!-- GET INSPIRED FILTERS -->
