<?xml version="1.0" encoding="UTF-8"?>
<!-- Generated by org.testng.reporters.JUnitXMLReporter -->
<testsuite hostname="Filip-PC" name="GET INSPIRED FILTERS" tests="12" failures="0" timestamp="20 Dec 2020 19:06:07 GMT" time="204.72" errors="0">
  <testcase name="login" time="26.686" classname="pyp.Login"/>
  <testcase name="login" time="26.686" classname="pyp.Login"/>
  <testcase name="durationFilter" time="42.29" classname="pyp.GetInspiredDurationFilter"/>
  <testcase name="durationFilter" time="42.29" classname="pyp.GetInspiredDurationFilter"/>
  <testcase name="numberOfPhotosFilter" time="32.499" classname="pyp.GetInspiredNumberOfPhotosFilter"/>
  <testcase name="numberOfPhotosFilter" time="32.499" classname="pyp.GetInspiredNumberOfPhotosFilter"/>
  <testcase name="moodFilter" time="43.56" classname="pyp.GetInspiredMoodFilter"/>
  <testcase name="moodFilter" time="43.56" classname="pyp.GetInspiredMoodFilter"/>
  <testcase name="speedsFilter" time="52.011" classname="pyp.GetInspiredSpeedsFilter"/>
  <testcase name="speedsFilter" time="52.011" classname="pyp.GetInspiredSpeedsFilter"/>
  <testcase name="RandomFilters" time="7.296" classname="pyp.GetInspiredRandomAllFilters"/>
  <testcase name="RandomFilters" time="7.296" classname="pyp.GetInspiredRandomAllFilters"/>
</testsuite> <!-- GET INSPIRED FILTERS -->
