<?xml version="1.0" encoding="UTF-8"?>
<!-- Generated by org.testng.reporters.JUnitXMLReporter -->
<testsuite hostname="Filip-PC" name="LOGIN VALIDATIONS" tests="10" failures="0" timestamp="13 Dec 2020 19:03:31 GMT" time="28.721" errors="0">
  <testcase name="navigateToRegistrationPage" time="19.406" classname="pyp.LoginValidationChecks"/>
  <testcase name="navigateToRegistrationPage" time="19.406" classname="pyp.LoginValidationChecks"/>
  <testcase name="validationAllFieldsBlank" time="0.993" classname="pyp.LoginValidationChecks"/>
  <testcase name="validationAllFieldsBlank" time="0.993" classname="pyp.LoginValidationChecks"/>
  <testcase name="validationEmailWrongFormat" time="1.673" classname="pyp.LoginValidationChecks"/>
  <testcase name="validationEmailWrongFormat" time="1.673" classname="pyp.LoginValidationChecks"/>
  <testcase name="validationPasswordLenght" time="1.35" classname="pyp.LoginValidationChecks"/>
  <testcase name="validationPasswordLenght" time="1.35" classname="pyp.LoginValidationChecks"/>
  <testcase name="validationWrongCredetials" time="2.436" classname="pyp.LoginValidationChecks"/>
  <testcase name="validationWrongCredetials" time="2.436" classname="pyp.LoginValidationChecks"/>
</testsuite> <!-- LOGIN VALIDATIONS -->
