<?xml version="1.0" encoding="UTF-8"?>
<!-- Generated by org.testng.reporters.JUnitXMLReporter -->
<testsuite hostname="Filip-PC" name="LOGIN VALIDATIONS" tests="10" failures="0" timestamp="20 Dec 2020 17:47:11 GMT" time="24.656" errors="0">
  <testcase name="navigateToRegistrationPage" time="16.617" classname="pyp.LoginValidationChecks"/>
  <testcase name="navigateToRegistrationPage" time="16.617" classname="pyp.LoginValidationChecks"/>
  <testcase name="validationAllFieldsBlank" time="1.521" classname="pyp.LoginValidationChecks"/>
  <testcase name="validationAllFieldsBlank" time="1.521" classname="pyp.LoginValidationChecks"/>
  <testcase name="validationEmailWrongFormat" time="1.614" classname="pyp.LoginValidationChecks"/>
  <testcase name="validationEmailWrongFormat" time="1.614" classname="pyp.LoginValidationChecks"/>
  <testcase name="validationPasswordLenght" time="1.32" classname="pyp.LoginValidationChecks"/>
  <testcase name="validationPasswordLenght" time="1.32" classname="pyp.LoginValidationChecks"/>
  <testcase name="validationWrongCredetials" time="2.141" classname="pyp.LoginValidationChecks"/>
  <testcase name="validationWrongCredetials" time="2.141" classname="pyp.LoginValidationChecks"/>
</testsuite> <!-- LOGIN VALIDATIONS -->
