<?xml version="1.0" encoding="UTF-8"?>
<!-- Generated by org.testng.reporters.JUnitXMLReporter -->
<testsuite hostname="Filip-PC" name="MY PROFILE CHANGE PASSWORD" tests="6" failures="0" timestamp="20 Dec 2020 18:38:33 GMT" time="31.362" errors="0">
  <testcase name="login" time="23.938" classname="pyp.Login"/>
  <testcase name="login" time="23.938" classname="pyp.Login"/>
  <testcase name="myProfileNewPassword" time="4.055" classname="pyp.MyProfilePassword"/>
  <testcase name="myProfileNewPassword" time="4.055" classname="pyp.MyProfilePassword"/>
  <testcase name="myProfileBackPasswordAndLogin" time="1.695" classname="pyp.MyProfilePassword"/>
  <testcase name="myProfileBackPasswordAndLogin" time="1.695" classname="pyp.MyProfilePassword"/>
</testsuite> <!-- MY PROFILE CHANGE PASSWORD -->
