<?xml version="1.0" encoding="UTF-8"?>
<!-- Generated by org.testng.reporters.JUnitXMLReporter -->
<testsuite hostname="Filip-PC" name="MY PROFILE EMAIL NOTIFICATIONS" tests="6" failures="0" timestamp="20 Dec 2020 18:33:56 GMT" time="31.039" errors="0">
  <testcase name="login" time="24.094" classname="pyp.Login"/>
  <testcase name="login" time="24.094" classname="pyp.Login"/>
  <testcase name="myProfile" time="1.64" classname="pyp.MyProfileEmailNotification"/>
  <testcase name="myProfile" time="1.64" classname="pyp.MyProfileEmailNotification"/>
  <testcase name="emailNotification" time="3.311" classname="pyp.MyProfileEmailNotification"/>
  <testcase name="emailNotification" time="3.311" classname="pyp.MyProfileEmailNotification"/>
</testsuite> <!-- MY PROFILE EMAIL NOTIFICATIONS -->
