<?xml version="1.0" encoding="UTF-8"?>
<!-- Generated by org.testng.reporters.JUnitXMLReporter -->
<testsuite hostname="SRBGRZWM53" ignored="0" name="MY PROFILE PASSWORD VALIDATIONS" tests="6" failures="0" timestamp="21 Dec 2020 16:45:58 GMT" time="10.595" errors="0">
  <testcase name="login" time="8.213" classname="pyp.Login"/>
  <testcase name="myProfilePassword" time="0.28" classname="pyp.MyProfilePasswordValidationChecks"/>
  <testcase name="validationAllFieldsBlank" time="0.192" classname="pyp.MyProfilePasswordValidationChecks"/>
  <testcase name="oldPasswordWrongValidation" time="0.667" classname="pyp.MyProfilePasswordValidationChecks"/>
  <testcase name="newPasswordWrongLenght" time="0.302" classname="pyp.MyProfilePasswordValidationChecks"/>
  <testcase name="passwordDoesntMatch" time="0.3" classname="pyp.MyProfilePasswordValidationChecks"/>
</testsuite> <!-- MY PROFILE PASSWORD VALIDATIONS -->
