<?xml version="1.0" encoding="UTF-8"?>
<!-- Generated by org.testng.reporters.JUnitXMLReporter -->
<testsuite hostname="Filip-PC" name="MY PROFILE ACCOUNT" tests="12" failures="0" timestamp="20 Dec 2020 18:32:58 GMT" time="53.3" errors="0">
  <testcase name="login" time="32.923" classname="pyp.Login"/>
  <testcase name="login" time="32.923" classname="pyp.Login"/>
  <testcase name="myProfile" time="1.997" classname="pyp.MyProfileAccount"/>
  <testcase name="myProfile" time="1.997" classname="pyp.MyProfileAccount"/>
  <testcase name="updateName" time="1.866" classname="pyp.MyProfileAccount"/>
  <testcase name="updateName" time="1.866" classname="pyp.MyProfileAccount"/>
  <testcase name="uploadPicture" time="5.74" classname="pyp.MyProfileAccount"/>
  <testcase name="uploadPicture" time="5.74" classname="pyp.MyProfileAccount"/>
  <testcase name="deleteAvatarPicture" time="5.415" classname="pyp.MyProfileAccount"/>
  <testcase name="deleteAvatarPicture" time="5.415" classname="pyp.MyProfileAccount"/>
  <testcase name="uploadPicture1" time="3.488" classname="pyp.MyProfileAccount"/>
  <testcase name="uploadPicture1" time="3.488" classname="pyp.MyProfileAccount"/>
</testsuite> <!-- MY PROFILE ACCOUNT -->
