<?xml version="1.0" encoding="UTF-8"?>
<!-- Generated by org.testng.reporters.JUnitXMLReporter -->
<testsuite hostname="Filip-PC" name="MY PROFILE PASSWORD VALIDATIONS" tests="12" failures="0" timestamp="20 Dec 2020 18:37:00 GMT" time="32.532" errors="0">
  <testcase name="login" time="21.762" classname="pyp.Login"/>
  <testcase name="login" time="21.762" classname="pyp.Login"/>
  <testcase name="myProfilePassword" time="2.372" classname="pyp.MyProfilePasswordValidationChecks"/>
  <testcase name="myProfilePassword" time="2.372" classname="pyp.MyProfilePasswordValidationChecks"/>
  <testcase name="validationAllFieldsBlank" time="1.114" classname="pyp.MyProfilePasswordValidationChecks"/>
  <testcase name="validationAllFieldsBlank" time="1.114" classname="pyp.MyProfilePasswordValidationChecks"/>
  <testcase name="oldPasswordWrongValidation" time="2.66" classname="pyp.MyProfilePasswordValidationChecks"/>
  <testcase name="oldPasswordWrongValidation" time="2.66" classname="pyp.MyProfilePasswordValidationChecks"/>
  <testcase name="newPasswordWrongLenght" time="1.515" classname="pyp.MyProfilePasswordValidationChecks"/>
  <testcase name="newPasswordWrongLenght" time="1.515" classname="pyp.MyProfilePasswordValidationChecks"/>
  <testcase name="passwordDoesntMatch" time="1.534" classname="pyp.MyProfilePasswordValidationChecks"/>
  <testcase name="passwordDoesntMatch" time="1.534" classname="pyp.MyProfilePasswordValidationChecks"/>
</testsuite> <!-- MY PROFILE PASSWORD VALIDATIONS -->
