<?xml version="1.0" encoding="UTF-8"?>
<!-- Generated by org.testng.reporters.JUnitXMLReporter -->
<testsuite hostname="SRBGRZWM53" ignored="0" name="MY PROFILE EMAIL NOTIFICATIONS" tests="3" failures="0" timestamp="21 Dec 2020 16:45:37 GMT" time="9.166" errors="0">
  <testcase name="login" time="7.475" classname="pyp.Login"/>
  <testcase name="myProfile" time="0.231" classname="pyp.MyProfileEmailNotification"/>
  <testcase name="emailNotification" time="0.8" classname="pyp.MyProfileEmailNotification"/>
</testsuite> <!-- MY PROFILE EMAIL NOTIFICATIONS -->
