<?xml version="1.0" encoding="UTF-8"?>
<!-- Generated by org.testng.reporters.JUnitXMLReporter -->
<testsuite hostname="SRBGRZWM53" ignored="0" name="MY PROFILE CHANGE PASSWORD" tests="3" failures="0" timestamp="21 Dec 2020 16:46:18 GMT" time="9.325" errors="0">
  <testcase name="login" time="7.395" classname="pyp.Login"/>
  <testcase name="myProfileNewPassword" time="0.964" classname="pyp.MyProfilePassword"/>
  <testcase name="myProfileBackPasswordAndLogin" time="0.336" classname="pyp.MyProfilePassword"/>
</testsuite> <!-- MY PROFILE CHANGE PASSWORD -->
