<?xml version="1.0" encoding="UTF-8"?>
<!-- Generated by org.testng.reporters.JUnitXMLReporter -->
<testsuite hostname="Filip-PC" name="PREVIEW FAVORITE MEDIA" tests="6" failures="0" timestamp="17 Dec 2020 16:28:34 GMT" time="34.67" errors="0">
  <testcase name="login" time="19.719" classname="pyp.Login"/>
  <testcase name="login" time="19.719" classname="pyp.Login"/>
  <testcase name="myFavoritesPreview" time="10.299" classname="pyp.MyFavoritesPreview"/>
  <testcase name="myFavoritesPreview" time="10.299" classname="pyp.MyFavoritesPreview"/>
  <testcase name="deleteAllFavorites" time="1.66" classname="pyp.MyFavoritesPreview"/>
  <testcase name="deleteAllFavorites" time="1.66" classname="pyp.MyFavoritesPreview"/>
</testsuite> <!-- PREVIEW FAVORITE MEDIA -->
