<?xml version="1.0" encoding="UTF-8"?>
<!-- Generated by org.testng.reporters.JUnitXMLReporter -->
<testsuite hostname="SRBGRZWM53" ignored="0" name="PREVIEW FAVORITE MEDIA" tests="3" failures="0" timestamp="21 Dec 2020 16:34:36 GMT" time="11.677" errors="0">
  <testcase name="login" time="7.88" classname="pyp.Login"/>
  <testcase name="myFavoritesPreview" time="2.628" classname="pyp.MyFavoritesPreview"/>
  <testcase name="deleteAllFavorites" time="0.516" classname="pyp.MyFavoritesPreview"/>
</testsuite> <!-- PREVIEW FAVORITE MEDIA -->
