<?xml version="1.0" encoding="UTF-8"?>
<!-- Generated by org.testng.reporters.JUnitXMLReporter -->
<testsuite hostname="Filip-PC" name="REGISTRATION" tests="4" failures="0" timestamp="13 Dec 2020 18:59:40 GMT" time="29.636" errors="0">
  <testcase name="homepage" time="20.563" classname="pyp.Registration"/>
  <testcase name="homepage" time="20.563" classname="pyp.Registration"/>
  <testcase name="registration" time="6.111" classname="pyp.Registration"/>
  <testcase name="registration" time="6.111" classname="pyp.Registration"/>
</testsuite> <!-- REGISTRATION -->
