<?xml version="1.0" encoding="UTF-8"?>
<!-- Generated by org.testng.reporters.JUnitXMLReporter -->
<testsuite hostname="Filip-PC" name="REGISTRATION" tests="4" failures="0" timestamp="20 Dec 2020 17:41:38 GMT" time="25.695" errors="0">
  <testcase name="homepage" time="17.661" classname="pyp.Registration"/>
  <testcase name="homepage" time="17.661" classname="pyp.Registration"/>
  <testcase name="registration" time="6.179" classname="pyp.Registration"/>
  <testcase name="registration" time="6.179" classname="pyp.Registration"/>
</testsuite> <!-- REGISTRATION -->
