<?xml version="1.0" encoding="UTF-8"?>
<!-- Generated by org.testng.reporters.JUnitXMLReporter -->
<testsuite hostname="SRBGRZWM53" ignored="0" name="REGISTRATION FIELDS VALIDATIONS" tests="6" failures="0" timestamp="21 Dec 2020 17:33:51 GMT" time="10.166" errors="0">
  <testcase name="navigateToRegistrationPage" time="6.95" classname="pyp.RegistrationValidationChecks"/>
  <testcase name="validationAllFieldsBlank" time="0.266" classname="pyp.RegistrationValidationChecks"/>
  <testcase name="validationEmailWrongFormat" time="0.472" classname="pyp.RegistrationValidationChecks"/>
  <testcase name="validationPasswordLenght" time="0.424" classname="pyp.RegistrationValidationChecks"/>
  <testcase name="validationPasswordDoesntMatch" time="0.442" classname="pyp.RegistrationValidationChecks"/>
  <testcase name="validationWhereUserExist" time="0.965" classname="pyp.RegistrationValidationChecks"/>
</testsuite> <!-- REGISTRATION FIELDS VALIDATIONS -->
