<?xml version="1.0" encoding="UTF-8"?>
<!-- Generated by org.testng.reporters.JUnitXMLReporter -->
<testsuite hostname="Filip-PC" name="REGISTRATION PAGE LINKS" tests="4" failures="0" timestamp="13 Dec 2020 18:56:34 GMT" time="24.97" errors="0">
  <testcase name="navigateToRegistrationPage" time="18.182" classname="pyp.RegistrationLinksCheck"/>
  <testcase name="navigateToRegistrationPage" time="18.182" classname="pyp.RegistrationLinksCheck"/>
  <testcase name="linksCheck" time="5.234" classname="pyp.RegistrationLinksCheck"/>
  <testcase name="linksCheck" time="5.234" classname="pyp.RegistrationLinksCheck"/>
</testsuite> <!-- REGISTRATION PAGE LINKS -->
