<?xml version="1.0" encoding="UTF-8"?>
<!-- Generated by org.testng.reporters.JUnitXMLReporter -->
<testsuite hostname="Filip-PC" name="REGISTRATION PAGE LINKS" tests="4" failures="0" timestamp="20 Dec 2020 17:45:00 GMT" time="39.426" errors="0">
  <testcase name="navigateToRegistrationPage" time="21.225" classname="pyp.RegistrationLinksCheck"/>
  <testcase name="navigateToRegistrationPage" time="21.225" classname="pyp.RegistrationLinksCheck"/>
  <testcase name="linksCheck" time="8.743" classname="pyp.RegistrationLinksCheck"/>
  <testcase name="linksCheck" time="8.743" classname="pyp.RegistrationLinksCheck"/>
</testsuite> <!-- REGISTRATION PAGE LINKS -->
