<?xml version="1.0" encoding="UTF-8"?>
<!-- Generated by org.testng.reporters.JUnitXMLReporter -->
<testsuite hostname="SRBGRZWM53" ignored="0" name="SEARCH MEDIA" tests="4" failures="0" timestamp="21 Dec 2020 16:38:29 GMT" time="21.777" errors="0">
  <testcase name="login" time="7.719" classname="pyp.Login"/>
  <testcase name="checkMediaOnPage" time="2.337" classname="pyp.MyFavoritesSearchBar"/>
  <testcase name="searchMedia" time="0.909" classname="pyp.MyFavoritesSearchBar"/>
  <testcase name="wrongSearchMedia" time="10.15" classname="pyp.MyFavoritesSearchBar"/>
</testsuite> <!-- SEARCH MEDIA -->
