<?xml version="1.0" encoding="UTF-8"?>
<!-- Generated by org.testng.reporters.JUnitXMLReporter -->
<testsuite hostname="Filip-PC" name="SEARCH MEDIA" tests="8" failures="0" timestamp="20 Dec 2020 19:08:20 GMT" time="42.555" errors="0">
  <testcase name="login" time="20.636" classname="pyp.Login"/>
  <testcase name="login" time="20.636" classname="pyp.Login"/>
  <testcase name="checkMediaOnPage" time="7.753" classname="pyp.MyFavoritesSearchBar"/>
  <testcase name="checkMediaOnPage" time="7.753" classname="pyp.MyFavoritesSearchBar"/>
  <testcase name="searchMedia" time="2.064" classname="pyp.MyFavoritesSearchBar"/>
  <testcase name="searchMedia" time="2.064" classname="pyp.MyFavoritesSearchBar"/>
  <testcase name="wrongSearchMedia" time="10.355" classname="pyp.MyFavoritesSearchBar"/>
  <testcase name="wrongSearchMedia" time="10.355" classname="pyp.MyFavoritesSearchBar"/>
</testsuite> <!-- SEARCH MEDIA -->
