<?xml version="1.0" encoding="UTF-8"?>
<!-- Generated by org.testng.reporters.JUnitXMLReporter -->
<testsuite hostname="Filip-PC" name="SEARCH BAR" tests="6" failures="0" timestamp="13 Dec 2020 21:24:30 GMT" time="40.518" errors="0">
  <testcase name="login" time="20.429" classname="pyp.Login"/>
  <testcase name="login" time="20.429" classname="pyp.Login"/>
  <testcase name="searchMedia" time="5.909" classname="pyp.MyFilesSearchBar"/>
  <testcase name="searchMedia" time="5.909" classname="pyp.MyFilesSearchBar"/>
  <testcase name="wrongSearchMedia" time="12.651" classname="pyp.MyFilesSearchBar"/>
  <testcase name="wrongSearchMedia" time="12.651" classname="pyp.MyFilesSearchBar"/>
</testsuite> <!-- SEARCH BAR -->
