<?xml version="1.0" encoding="UTF-8"?>
<!-- Generated by org.testng.reporters.JUnitXMLReporter -->
<testsuite hostname="SRBGRZWM53" ignored="0" name="SEARCH BAR" tests="3" failures="0" timestamp="21 Dec 2020 17:27:11 GMT" time="25.459" errors="0">
  <testcase name="login" time="7.494" classname="pyp.Login"/>
  <testcase name="searchMedia" time="4.369" classname="pyp.MyFilesSearchBar"/>
  <testcase name="wrongSearchMedia" time="12.951" classname="pyp.MyFilesSearchBar"/>
</testsuite> <!-- SEARCH BAR -->
