<?xml version="1.0" encoding="UTF-8"?>
<!-- Generated by org.testng.reporters.JUnitXMLReporter -->
<testsuite hostname="Filip-PC" name="SORT FILES" tests="8" failures="0" timestamp="13 Dec 2020 21:45:46 GMT" time="30.085" errors="0">
  <testcase name="login" time="19.612" classname="pyp.Login"/>
  <testcase name="login" time="19.612" classname="pyp.Login"/>
  <testcase name="sortNameFunctionality" time="4.084" classname="pyp.MyFilesSortFunctionalities"/>
  <testcase name="sortNameFunctionality" time="4.084" classname="pyp.MyFilesSortFunctionalities"/>
  <testcase name="sortDateFunctionality" time="1.96" classname="pyp.MyFilesSortFunctionalities"/>
  <testcase name="sortDateFunctionality" time="1.96" classname="pyp.MyFilesSortFunctionalities"/>
  <testcase name="sortSizeFunctionality" time="2.88" classname="pyp.MyFilesSortFunctionalities"/>
  <testcase name="sortSizeFunctionality" time="2.88" classname="pyp.MyFilesSortFunctionalities"/>
</testsuite> <!-- SORT FILES -->
