<?xml version="1.0" encoding="UTF-8"?>
<!-- Generated by org.testng.reporters.JUnitXMLReporter -->
<testsuite hostname="Filip-PC" name="SORT FILES" tests="8" failures="0" timestamp="20 Dec 2020 19:25:56 GMT" time="45.504" errors="0">
  <testcase name="login" time="23.255" classname="pyp.Login"/>
  <testcase name="login" time="23.255" classname="pyp.Login"/>
  <testcase name="sortNameFunctionality" time="7.579" classname="pyp.MyFilesSortFunctionalities"/>
  <testcase name="sortNameFunctionality" time="7.579" classname="pyp.MyFilesSortFunctionalities"/>
  <testcase name="sortDateFunctionality" time="4.054" classname="pyp.MyFilesSortFunctionalities"/>
  <testcase name="sortDateFunctionality" time="4.054" classname="pyp.MyFilesSortFunctionalities"/>
  <testcase name="sortSizeFunctionality" time="8.977" classname="pyp.MyFilesSortFunctionalities"/>
  <testcase name="sortSizeFunctionality" time="8.977" classname="pyp.MyFilesSortFunctionalities"/>
</testsuite> <!-- SORT FILES -->
