<?xml version="1.0" encoding="UTF-8"?>
<!-- Generated by org.testng.reporters.JUnitXMLReporter -->
<testsuite hostname="Filip-PC" name="TEMPLATE CATEGORIES FILTER" tests="6" failures="0" timestamp="13 Dec 2020 20:17:00 GMT" time="68.348" errors="0">
  <testcase name="login" time="31.533" classname="pyp.Login"/>
  <testcase name="login" time="31.533" classname="pyp.Login"/>
  <testcase name="categories" time="19.267" classname="pyp.TemplatesCategories"/>
  <testcase name="categories" time="19.267" classname="pyp.TemplatesCategories"/>
  <testcase name="categoriesWithFilterNotFound" time="15.633" classname="pyp.TemplatesCategories"/>
  <testcase name="categoriesWithFilterNotFound" time="15.633" classname="pyp.TemplatesCategories"/>
</testsuite> <!-- TEMPLATE CATEGORIES FILTER -->
