<?xml version="1.0" encoding="UTF-8"?>
<!-- Generated by org.testng.reporters.JUnitXMLReporter -->
<testsuite hostname="SRBGRZWM53" ignored="0" name="TEMPLATE CATEGORIES FILTER" tests="3" failures="0" timestamp="21 Dec 2020 17:35:56 GMT" time="29.129" errors="0">
  <testcase name="login" time="7.588" classname="pyp.Login"/>
  <testcase name="categories" time="6.643" classname="pyp.TemplatesCategories"/>
  <testcase name="categoriesWithFilterNotFound" time="14.241" classname="pyp.TemplatesCategories"/>
</testsuite> <!-- TEMPLATE CATEGORIES FILTER -->
