<?xml version="1.0" encoding="UTF-8"?>
<!-- Generated by org.testng.reporters.JUnitXMLReporter -->
<testsuite hostname="Filip-PC" name="TEMPLATE SEARCH BAR FILTER" tests="6" failures="0" timestamp="20 Dec 2020 18:25:40 GMT" time="26.805" errors="0">
  <testcase name="login" time="22.027" classname="pyp.Login"/>
  <testcase name="login" time="22.027" classname="pyp.Login"/>
  <testcase name="searchBarByKeyword" time="1.814" classname="pyp.TemplatesSearchBar"/>
  <testcase name="searchBarByKeyword" time="1.814" classname="pyp.TemplatesSearchBar"/>
  <testcase name="validationIfVideoDontExistAfterSearch" time="1.369" classname="pyp.TemplatesSearchBar"/>
  <testcase name="validationIfVideoDontExistAfterSearch" time="1.369" classname="pyp.TemplatesSearchBar"/>
</testsuite> <!-- TEMPLATE SEARCH BAR FILTER -->
