<?xml version="1.0" encoding="UTF-8"?>
<!-- Generated by org.testng.reporters.JUnitXMLReporter -->
<testsuite hostname="Filip-PC" name="TEMPLATES VIDEO FORMAT" tests="6" failures="0" timestamp="16 Dec 2020 20:02:12 GMT" time="36.484" errors="0">
  <testcase name="login" time="21.283" classname="pyp.Login"/>
  <testcase name="login" time="21.283" classname="pyp.Login"/>
  <testcase name="checkMediaOnPage" time="6.614" classname="pyp.MyFavoritesVideoFormat"/>
  <testcase name="checkMediaOnPage" time="6.614" classname="pyp.MyFavoritesVideoFormat"/>
  <testcase name="checkVideoFormat" time="6.377" classname="pyp.MyFavoritesVideoFormat"/>
  <testcase name="checkVideoFormat" time="6.377" classname="pyp.MyFavoritesVideoFormat"/>
</testsuite> <!-- TEMPLATES VIDEO FORMAT -->
