<?xml version="1.0" encoding="UTF-8"?>
<!-- Generated by org.testng.reporters.JUnitXMLReporter -->
<testsuite hostname="Filip-PC" name="TEMPLATE FILTERS" tests="12" failures="0" timestamp="13 Dec 2020 20:21:04 GMT" time="182.35" errors="0">
  <testcase name="login" time="36.908" classname="pyp.Login"/>
  <testcase name="login" time="36.908" classname="pyp.Login"/>
  <testcase name="durationFilter" time="30.474" classname="pyp.TemplatesDurationFilter"/>
  <testcase name="durationFilter" time="30.474" classname="pyp.TemplatesDurationFilter"/>
  <testcase name="numberOfPhotosFilter" time="25.951" classname="pyp.TemplatesNumberOfPhotosFilter"/>
  <testcase name="numberOfPhotosFilter" time="25.951" classname="pyp.TemplatesNumberOfPhotosFilter"/>
  <testcase name="moodFilter" time="35.799" classname="pyp.TemplatesMoodFilter"/>
  <testcase name="moodFilter" time="35.799" classname="pyp.TemplatesMoodFilter"/>
  <testcase name="speedsFilter" time="45.896" classname="pyp.TemplatesSpeedsFilter"/>
  <testcase name="speedsFilter" time="45.896" classname="pyp.TemplatesSpeedsFilter"/>
  <testcase name="RandomFilters" time="6.776" classname="pyp.TemplatesRandomAllFilters"/>
  <testcase name="RandomFilters" time="6.776" classname="pyp.TemplatesRandomAllFilters"/>
</testsuite> <!-- TEMPLATE FILTERS -->
