<?xml version="1.0" encoding="UTF-8"?>
<!-- Generated by org.testng.reporters.JUnitXMLReporter -->
<testsuite hostname="Filip-PC" name="TEMPLATES VIDEO FORMAT" tests="6" failures="0" timestamp="20 Dec 2020 19:09:36 GMT" time="43.034" errors="0">
  <testcase name="login" time="22.52" classname="pyp.Login"/>
  <testcase name="login" time="22.52" classname="pyp.Login"/>
  <testcase name="checkMediaOnPage" time="12.701" classname="pyp.MyFavoritesVideoFormat"/>
  <testcase name="checkMediaOnPage" time="12.701" classname="pyp.MyFavoritesVideoFormat"/>
  <testcase name="checkVideoFormat" time="6.238" classname="pyp.MyFavoritesVideoFormat"/>
  <testcase name="checkVideoFormat" time="6.238" classname="pyp.MyFavoritesVideoFormat"/>
</testsuite> <!-- TEMPLATES VIDEO FORMAT -->
