<?xml version="1.0" encoding="UTF-8"?>
<!-- Generated by org.testng.reporters.JUnitXMLReporter -->
<testsuite hostname="SRBGRZWM53" ignored="0" name="TEMPLATE FILTERS" tests="6" failures="0" timestamp="21 Dec 2020 17:38:17 GMT" time="131.914" errors="0">
  <testcase name="login" time="7.35" classname="pyp.Login"/>
  <testcase name="durationFilter" time="22.108" classname="pyp.TemplatesDurationFilter"/>
  <testcase name="numberOfPhotosFilter" time="22.404" classname="pyp.TemplatesNumberOfPhotosFilter"/>
  <testcase name="moodFilter" time="32.52" classname="pyp.TemplatesMoodFilter"/>
  <testcase name="speedsFilter" time="42.527" classname="pyp.TemplatesSpeedsFilter"/>
  <testcase name="RandomFilters" time="4.977" classname="pyp.TemplatesRandomAllFilters"/>
</testsuite> <!-- TEMPLATE FILTERS -->
