<?xml version="1.0" encoding="UTF-8"?>
<!-- Generated by org.testng.reporters.JUnitXMLReporter -->
<testsuite hostname="Filip-PC" name="TEMPLATE SEARCH BAR FILTER" tests="6" failures="0" timestamp="13 Dec 2020 20:11:41 GMT" time="48.579" errors="0">
  <testcase name="login" time="40.377" classname="pyp.Login"/>
  <testcase name="login" time="40.377" classname="pyp.Login"/>
  <testcase name="searchBarByKeyword" time="1.915" classname="pyp.TemplatesSearchBar"/>
  <testcase name="searchBarByKeyword" time="1.915" classname="pyp.TemplatesSearchBar"/>
  <testcase name="validationIfVideoDontExistAfterSearch" time="2.646" classname="pyp.TemplatesSearchBar"/>
  <testcase name="validationIfVideoDontExistAfterSearch" time="2.646" classname="pyp.TemplatesSearchBar"/>
</testsuite> <!-- TEMPLATE SEARCH BAR FILTER -->
