<?xml version="1.0" encoding="UTF-8"?>
<!-- Generated by org.testng.reporters.JUnitXMLReporter -->
<testsuite hostname="Filip-PC" name="Test" tests="4" failures="0" timestamp="29 Nov 2020 11:31:31 GMT" time="64.421" errors="0">
  <testcase name="login" time="22.584" classname="pyp.Login"/>
  <testcase name="login" time="22.584" classname="pyp.Login"/>
  <testcase name="moodFilter" time="41.506" classname="pyp.TemplatesMoodFilter"/>
  <testcase name="moodFilter" time="41.506" classname="pyp.TemplatesMoodFilter"/>
</testsuite> <!-- Test -->
