<?xml version="1.0" encoding="UTF-8"?>
<!-- Generated by org.testng.reporters.JUnitXMLReporter -->
<testsuite hostname="Filip-PC" name="UPLOAD MEDIA FROM STOCK" tests="4" failures="0" timestamp="20 Dec 2020 19:15:10 GMT" time="53.691" errors="0">
  <testcase name="login" time="19.781" classname="pyp.Login"/>
  <testcase name="login" time="19.781" classname="pyp.Login"/>
  <testcase name="uploadStock" time="32.165" classname="pyp.MyFilesAddFilesFromStock"/>
  <testcase name="uploadStock" time="32.165" classname="pyp.MyFilesAddFilesFromStock"/>
</testsuite> <!-- UPLOAD MEDIA FROM STOCK -->
