<?xml version="1.0" encoding="UTF-8"?>
<!-- Generated by org.testng.reporters.JUnitXMLReporter -->
<testsuite hostname="Filip-PC" name="UPLOAD FILES" tests="4" failures="0" timestamp="17 Dec 2020 16:45:52 GMT" time="71.538" errors="0">
  <testcase name="login" time="19.357" classname="pyp.Login"/>
  <testcase name="login" time="19.357" classname="pyp.Login"/>
  <testcase name="uploadMyDevice" time="50.618" classname="pyp.MyFilesAddFiles"/>
  <testcase name="uploadMyDevice" time="50.618" classname="pyp.MyFilesAddFiles"/>
</testsuite> <!-- UPLOAD FILES -->
