<?xml version="1.0" encoding="UTF-8"?>
<!-- Generated by org.testng.reporters.JUnitXMLReporter -->
<testsuite hostname="Filip-PC" name="UPLOAD MEDIA FROM STOCK" tests="4" failures="0" timestamp="13 Dec 2020 22:17:20 GMT" time="58.011" errors="0">
  <testcase name="login" time="21.699" classname="pyp.Login"/>
  <testcase name="login" time="21.699" classname="pyp.Login"/>
  <testcase name="uploadStock" time="34.704" classname="pyp.MyFilesAddFilesFromStock"/>
  <testcase name="uploadStock" time="34.704" classname="pyp.MyFilesAddFilesFromStock"/>
</testsuite> <!-- UPLOAD MEDIA FROM STOCK -->
