<?xml version="1.0" encoding="UTF-8"?>
<!-- Generated by org.testng.reporters.JUnitXMLReporter -->
<testsuite hostname="Filip-PC" name="UPLOAD FILES" tests="4" failures="0" timestamp="20 Dec 2020 19:13:00 GMT" time="65.709" errors="0">
  <testcase name="login" time="23.348" classname="pyp.Login"/>
  <testcase name="login" time="23.348" classname="pyp.Login"/>
  <testcase name="uploadMyDevice" time="40.889" classname="pyp.MyFilesAddFiles"/>
  <testcase name="uploadMyDevice" time="40.889" classname="pyp.MyFilesAddFiles"/>
</testsuite> <!-- UPLOAD FILES -->
