<?xml version="1.0" encoding="UTF-8"?>
<!-- Generated by org.testng.reporters.JUnitXMLReporter -->
<testsuite hostname="Filip-PC" name="VIEW,RENAME,DOWNLOAD FILES" tests="8" failures="0" timestamp="20 Dec 2020 19:52:22 GMT" time="50.194" errors="0">
  <testcase name="login" time="20.38" classname="pyp.Login"/>
  <testcase name="login" time="20.38" classname="pyp.Login"/>
  <testcase name="viewMediaOption" time="11.936" classname="pyp.MyFilesFunctionalities"/>
  <testcase name="viewMediaOption" time="11.936" classname="pyp.MyFilesFunctionalities"/>
  <testcase name="renameMediaOption" time="7.599" classname="pyp.MyFilesFunctionalities"/>
  <testcase name="renameMediaOption" time="7.599" classname="pyp.MyFilesFunctionalities"/>
  <testcase name="downloadMediaOption" time="8.412" classname="pyp.MyFilesFunctionalities"/>
  <testcase name="downloadMediaOption" time="8.412" classname="pyp.MyFilesFunctionalities"/>
</testsuite> <!-- VIEW,RENAME,DOWNLOAD FILES -->
