<?xml version="1.0" encoding="UTF-8"?>
<!-- Generated by org.testng.reporters.JUnitXMLReporter -->
<testsuite hostname="Filip-PC" name="VIEW,RENAME,DOWNLOAD FILES" tests="6" failures="0" timestamp="13 Dec 2020 22:15:51 GMT" time="41.527" errors="0">
  <testcase name="login" time="23.797" classname="pyp.Login"/>
  <testcase name="login" time="23.797" classname="pyp.Login"/>
  <testcase name="viewMediaOption" time="9.298" classname="pyp.MyFilesFunctionalities"/>
  <testcase name="viewMediaOption" time="9.298" classname="pyp.MyFilesFunctionalities"/>
  <testcase name="renameMediaOption" time="6.875" classname="pyp.MyFilesFunctionalities"/>
  <testcase name="renameMediaOption" time="6.875" classname="pyp.MyFilesFunctionalities"/>
</testsuite> <!-- VIEW,RENAME,DOWNLOAD FILES -->
