<?xml version="1.0" encoding="UTF-8"?>
<testng-results skipped="0" failed="0" ignored="0" total="2" passed="2">
  <reporter-output>
  </reporter-output>
  <suite name="Suite" duration-ms="13072" started-at="2020-12-21T17:39:32Z" finished-at="2020-12-21T17:39:45Z">
    <groups>
    </groups>
    <test name="TEMPLATES VIDEO FORMAT" duration-ms="13072" started-at="2020-12-21T17:39:32Z" finished-at="2020-12-21T17:39:45Z">
      <class name="pyp.TemplatesVideoFormat">
        <test-method status="PASS" signature="checkVideoFormat()[pri:0, instance:pyp.TemplatesVideoFormat@4fa8297b]" name="checkVideoFormat" duration-ms="4705" started-at="2020-12-21T18:39:39Z" finished-at="2020-12-21T18:39:44Z">
          <reporter-output>
          </reporter-output>
        </test-method> <!-- checkVideoFormat -->
        <test-method status="PASS" signature="teardown()[pri:0, instance:pyp.TemplatesVideoFormat@4fa8297b]" name="teardown" is-config="true" duration-ms="652" started-at="2020-12-21T18:39:44Z" finished-at="2020-12-21T18:39:45Z">
          <reporter-output>
          </reporter-output>
        </test-method> <!-- teardown -->
      </class> <!-- pyp.TemplatesVideoFormat -->
      <class name="pyp.Login">
        <test-method status="PASS" signature="login()[pri:0, instance:pyp.Login@25e95af1]" name="login" duration-ms="7690" started-at="2020-12-21T18:39:32Z" finished-at="2020-12-21T18:39:39Z">
          <reporter-output>
          </reporter-output>
        </test-method> <!-- login -->
      </class> <!-- pyp.Login -->
    </test> <!-- TEMPLATES VIDEO FORMAT -->
  </suite> <!-- Suite -->
</testng-results>
