<?xml version="1.0" encoding="UTF-8"?>
<testng-results skipped="0" failed="0" total="4" passed="4">
  <reporter-output>
  </reporter-output>
  <suite name="Suite" duration-ms="59065" started-at="2020-12-17T17:22:28Z" finished-at="2020-12-17T17:23:27Z">
    <groups>
    </groups>
    <test name="GET INSPIRED SEARCH BAR" duration-ms="59065" started-at="2020-12-17T17:22:28Z" finished-at="2020-12-17T17:23:27Z">
      <class name="pyp.Login">
        <test-method status="PASS" signature="login()[pri:0, instance:pyp.Login@31f1b268]" name="login" duration-ms="23477" started-at="2020-12-17T18:22:29Z" finished-at="2020-12-17T18:22:52Z">
          <reporter-output>
          </reporter-output>
        </test-method> <!-- login -->
      </class> <!-- pyp.Login -->
      <class name="pyp.GetInspiredSearchBar">
        <test-method status="PASS" signature="getInspiredBadSearch()[pri:1, instance:pyp.GetInspiredSearchBar@3ec7ad61]" name="getInspiredBadSearch" duration-ms="9428" started-at="2020-12-17T18:22:52Z" finished-at="2020-12-17T18:23:02Z">
          <reporter-output>
          </reporter-output>
        </test-method> <!-- getInspiredBadSearch -->
        <test-method status="PASS" signature="getInspiredSearch()[pri:2, instance:pyp.GetInspiredSearchBar@3ec7ad61]" name="getInspiredSearch" duration-ms="5498" started-at="2020-12-17T18:23:02Z" finished-at="2020-12-17T18:23:07Z">
          <reporter-output>
          </reporter-output>
        </test-method> <!-- getInspiredSearch -->
        <test-method status="PASS" signature="loadMoreTemplates()[pri:3, instance:pyp.GetInspiredSearchBar@3ec7ad61]" name="loadMoreTemplates" duration-ms="18716" started-at="2020-12-17T18:23:07Z" finished-at="2020-12-17T18:23:26Z">
          <reporter-output>
          </reporter-output>
        </test-method> <!-- loadMoreTemplates -->
        <test-method status="PASS" signature="teardown()[pri:0, instance:pyp.GetInspiredSearchBar@3ec7ad61]" name="teardown" is-config="true" duration-ms="1613" started-at="2020-12-17T18:23:26Z" finished-at="2020-12-17T18:23:27Z">
          <reporter-output>
          </reporter-output>
        </test-method> <!-- teardown -->
      </class> <!-- pyp.GetInspiredSearchBar -->
    </test> <!-- GET INSPIRED SEARCH BAR -->
  </suite> <!-- Suite -->
</testng-results>
